22:22:45.711 [main] INFO  c.a.e.server.lib.sql.DataSourcePool - DataSourcePool [h2] autoCommit[false] transIsolation[READ_COMMITTED] min[1] max[25]
22:22:46.293 [main] TRACE org.avaje.ebean.TXN - txn[1001] Begin
22:22:46.308 [main] INFO  org.avaje.ebean.TXN - txn[1001] Commit
22:22:46.313 [main] TRACE org.avaje.ebean.TXN - txn[1002] Begin
22:22:46.323 [main] INFO  org.avaje.ebean.TXN - txn[1002] Commit
22:22:46.448 [main] TRACE org.avaje.ebean.SQL - txn[1003] select t0.id c0, t0.name c1 from customer t0; --bind()
22:22:46.452 [main] DEBUG org.avaje.ebean.SUM - txn[1003] FindMany type[Customer] origin[CUcRnZ.CdTSLn.BvQ02m] exeMicros[48077] rows[0] name[] predicates[] bind[]
22:22:46.453 [main] TRACE org.avaje.ebean.TXN - txn[1003] Commit - query only
22:22:46.772 [main] TRACE org.avaje.ebean.SQL - txn[1004] insert into customer (id, name) values (?,?); --bind(1,A new Customer,)
22:22:46.775 [main] DEBUG org.avaje.ebean.SUM - txn[1004] Inserted [Customer] [1]
22:22:46.775 [main] DEBUG org.avaje.ebean.TXN - txn[1004] Commit
22:22:46.778 [main] TRACE org.avaje.ebean.SQL - txn[1005] select t0.id c0, t0.name c1 from customer t0 where t0.id = ?  ; --bind(1)
22:22:46.781 [main] DEBUG org.avaje.ebean.SUM - txn[1005] FindBean type[Customer] origin[CMInzZ.CdTSLm.BvQ02m] exeMicros[4343] rows[1] bind[1]
22:22:46.781 [main] TRACE org.avaje.ebean.TXN - txn[1005] Commit - query only
22:22:46.783 [main] TRACE org.avaje.ebean.SQL - txn[1006] update customer set name=? where id=?; --bind(modified,1,)
22:22:46.785 [main] DEBUG org.avaje.ebean.SUM - txn[1006] Updated [Customer] [1]
22:22:46.785 [main] DEBUG org.avaje.ebean.TXN - txn[1006] Commit
22:22:46.788 [main] TRACE org.avaje.ebean.SQL - txn[1007] delete from customer where id=?; --bind(1,)
22:22:46.788 [main] DEBUG org.avaje.ebean.SUM - txn[1007] Deleted [Customer] [1]
22:22:46.788 [main] DEBUG org.avaje.ebean.TXN - txn[1007] Commit
22:22:46.792 [main] DEBUG org.avaje.ebean.SUM - txn[1008] -- Deleting Customer Id: 42
22:22:46.795 [main] TRACE org.avaje.ebean.SQL - txn[1008] delete from customer where id = ? 
22:22:46.796 [main] DEBUG org.avaje.ebean.SUM - txn[1008] DeleteSql table[customer] rows[0] bind[42, ]
22:22:46.797 [main] DEBUG org.avaje.ebean.TXN - txn[1008] Commit
22:22:46.810 [main] TRACE org.avaje.ebean.SQL - txn[1009] insert into my_bean (id, name) values (?,?); --bind(1,hello,)
22:22:46.811 [main] DEBUG org.avaje.ebean.SUM - txn[1009] Inserted [MyBean] [1]
22:22:46.811 [main] DEBUG org.avaje.ebean.TXN - txn[1009] Commit
22:22:46.812 [main] TRACE org.avaje.ebean.SQL - txn[1010] select t0.id c0, t0.name c1 from my_bean t0 where t0.id = ?  ; --bind(1)
22:22:46.813 [main] DEBUG org.avaje.ebean.SUM - txn[1010] FindBean type[MyBean] origin[DAyMN0.CEV6gI.BvQ02m] exeMicros[702] rows[1] bind[1]
22:22:46.813 [main] TRACE org.avaje.ebean.TXN - txn[1010] Commit - query only
22:22:46.879 [Thread-1] DEBUG c.a.e.server.lib.ShutdownManager - Shutting down
22:22:46.880 [Thread-1] DEBUG c.a.e.server.lib.DaemonThreadPool - DaemonThreadPool[ebean-h2] shutting down...
22:22:46.882 [Thread-1] DEBUG c.a.e.s.lib.DaemonScheduleThreadPool - DaemonScheduleThreadPool ebean-h2-periodic- shutting down...
22:22:46.917 [Thread-1] DEBUG c.a.e.s.l.sql.PooledConnectionQueue - DataSourcePool [h2] shutdown min[1] max[25] free[1] busy[0] waiting[0] highWaterMark[1] waitCount[0] hitCount[13] - Statistics count[13] errors[0] totalMicros[206318] hwmMicros[107566] avgMicros[15870]
22:22:46.921 [Thread-1] DEBUG c.a.e.s.lib.sql.FreeConnectionBuffer - ... closing all 1 connections from the free list with logErrors: true
22:22:46.922 [Thread-1] DEBUG c.a.e.s.lib.sql.FreeConnectionBuffer - ... closing 0 of 1 connections from the free list
22:22:46.942 [Thread-1] DEBUG c.a.e.s.lib.sql.PooledConnection - Closing Connection[h2.0] slot[12] reason[null] stats: count[13] errors[0] totalMicros[206318] hwmMicros[107566] avgMicros[15870] , pstmtStats: size[19] max[20] hits[0] miss[20] hitRatio[0] removes[1] 
22:22:46.946 [Thread-1] DEBUG c.a.e.s.lib.sql.PooledConnection - Closing Connection[h2.0] that is already closed?
22:24:14.584 [main] INFO  c.a.e.server.lib.sql.DataSourcePool - DataSourcePool [h2] autoCommit[false] transIsolation[READ_COMMITTED] min[1] max[25]
22:24:15.192 [main] TRACE org.avaje.ebean.TXN - txn[1001] Begin
22:24:15.211 [main] INFO  org.avaje.ebean.TXN - txn[1001] Commit
22:24:15.214 [main] TRACE org.avaje.ebean.TXN - txn[1002] Begin
22:24:15.224 [main] INFO  org.avaje.ebean.TXN - txn[1002] Commit
22:24:15.280 [main] TRACE org.avaje.ebean.SQL - txn[1003] insert into my_bean (id, name) values (?,?); --bind(1,hello,)
22:24:15.281 [main] DEBUG org.avaje.ebean.SUM - txn[1003] Inserted [MyBean] [1]
22:24:15.281 [main] DEBUG org.avaje.ebean.TXN - txn[1003] Commit
22:24:15.340 [main] TRACE org.avaje.ebean.SQL - txn[1004] select t0.id c0, t0.name c1 from my_bean t0 where t0.id = ?  ; --bind(1)
22:24:15.343 [main] DEBUG org.avaje.ebean.SUM - txn[1004] FindBean type[MyBean] origin[DAyMN0.CEV6gI.BvQ02m] exeMicros[6522] rows[1] bind[1]
22:24:15.344 [main] TRACE org.avaje.ebean.TXN - txn[1004] Commit - query only
22:24:15.351 [Thread-0] DEBUG c.a.e.server.lib.ShutdownManager - Shutting down
22:24:15.352 [Thread-0] DEBUG c.a.e.server.lib.DaemonThreadPool - DaemonThreadPool[ebean-h2] shutting down...
22:24:15.353 [Thread-0] DEBUG c.a.e.s.lib.DaemonScheduleThreadPool - DaemonScheduleThreadPool ebean-h2-periodic- shutting down...
22:24:15.360 [Thread-0] DEBUG c.a.e.s.l.sql.PooledConnectionQueue - DataSourcePool [h2] shutdown min[1] max[25] free[1] busy[0] waiting[0] highWaterMark[1] waitCount[0] hitCount[7] - Statistics count[7] errors[0] totalMicros[123545] hwmMicros[34256] avgMicros[17649]
22:24:15.360 [Thread-0] DEBUG c.a.e.s.lib.sql.FreeConnectionBuffer - ... closing all 1 connections from the free list with logErrors: true
22:24:15.360 [Thread-0] DEBUG c.a.e.s.lib.sql.FreeConnectionBuffer - ... closing 0 of 1 connections from the free list
22:24:15.361 [Thread-0] DEBUG c.a.e.s.lib.sql.PooledConnection - Closing Connection[h2.0] slot[6] reason[null] stats: count[7] errors[0] totalMicros[123545] hwmMicros[34256] avgMicros[17649] , pstmtStats: size[13] max[20] hits[0] miss[13] hitRatio[0] removes[0] 
22:24:15.361 [Thread-0] DEBUG c.a.e.s.lib.sql.PooledConnection - Closing Connection[h2.0] that is already closed?
